<?xml version="1.0" encoding="UTF-8"?>
<testsuite xmlns:xsi="http://www.w3.org/2001/XMLSchema-instance" xsi:noNamespaceSchemaLocation="https://maven.apache.org/surefire/maven-surefire-plugin/xsd/surefire-test-report-3.0.xsd" version="3.0" name="com.example.teamcity.sharedresources.SharedResourcesApiControllerTest" time="2.046" tests="21" errors="0" skipped="0" failures="0">
  <properties>
[...]
</properties>
  <testcase name="put_lockContention_returns503WithRetryAfter" classname="com.example.teamcity.sharedresources.SharedResourcesApiControllerTest" time="1.786">
    <system-err><![CDATA[WARNING: A Java agent has been loaded dynamically (C:\Users\eborc\.m2\repository\net\bytebuddy\byte-buddy-agent\1.14.9\byte-buddy-agent-1.14.9.jar)
WARNING: If a serviceability tool is in use, please run with -XX:+EnableDynamicAgentLoading to hide this warning
WARNING: If a serviceability tool is not in use, please run with -Djdk.instrument.traceUsage for more information
WARNING: Dynamic loading of agents will be disallowed by default in a future release
]]></system-err>
  </testcase>
  <testcase name="put_batchUpdatesTwoResourcesInOnePersist" classname="com.example.teamcity.sharedresources.SharedResourcesApiControllerTest" time="0.014"/>
  <testcase name="put_noEditPermission_returns403" classname="com.example.teamcity.sharedresources.SharedResourcesApiControllerTest" time="0.007"/>
  <testcase name="put_persistFails_returns500WithRetryAfter" classname="com.example.teamcity.sharedresources.SharedResourcesApiControllerTest" time="0.016"/>
  <testcase name="put_emptyResourcesArray_returns400" classname="com.example.teamcity.sharedresources.SharedResourcesApiControllerTest" time="0.005"/>
  <testcase name="unknownMethod_returns405" classname="com.example.teamcity.sharedresources.SharedResourcesApiControllerTest" time="0.004"/>
  <testcase name="put_addAndRemoveInSameCall" classname="com.example.teamcity.sharedresources.SharedResourcesApiControllerTest" time="0.008"/>
  <testcase name="put_setValuesAndAddValuesCombined_returns400" classname="com.example.teamcity.sharedresources.SharedResourcesApiControllerTest" time="0.006"/>
  <testcase name="put_missingName_returns400" classname="com.example.teamcity.sharedresources.SharedResourcesApiControllerTest" time="0.005"/>
  <testcase name="put_addValues" classname="com.example.teamcity.sharedresources.SharedResourcesApiControllerTest" time="0.006"/>
  <testcase name="get_unknownProject_returns404" classname="com.example.teamcity.sharedresources.SharedResourcesApiControllerTest" time="0.004"/>
  <testcase name="put_addDuplicateValue_isIdempotent" classname="com.example.teamcity.sharedresources.SharedResourcesApiControllerTest" time="0.005"/>
  <testcase name="get_noViewPermission_returns403" classname="com.example.teamcity.sharedresources.SharedResourcesApiControllerTest" time="0.006"/>
  <testcase name="get_missingProjectId_returns400" classname="com.example.teamcity.sharedresources.SharedResourcesApiControllerTest" time="0.003"/>
  <testcase name="put_unknownResource_returns404" classname="com.example.teamcity.sharedresources.SharedResourcesApiControllerTest" time="0.004"/>
  <testcase name="put_setValues_replacesEntireList" classname="com.example.teamcity.sharedresources.SharedResourcesApiControllerTest" time="0.006"/>
  <testcase name="get_unauthenticated_returns401" classname="com.example.teamcity.sharedresources.SharedResourcesApiControllerTest" time="0.003"/>
  <testcase name="put_updateQuota" classname="com.example.teamcity.sharedresources.SharedResourcesApiControllerTest" time="0.003"/>
  <testcase name="get_returnsAllResources" classname="com.example.teamcity.sharedresources.SharedResourcesApiControllerTest" time="0.007"/>
  <testcase name="put_removeValues" classname="com.example.teamcity.sharedresources.SharedResourcesApiControllerTest" time="0.004"/>
  <testcase name="put_removeAbsentValue_isNoOp" classname="com.example.teamcity.sharedresources.SharedResourcesApiControllerTest" time="0.003"/>
</testsuite>